Using pre-set license

 COMMAND LINE ARGUMENTS:
/Applications/Unity/Unity.app/Contents/MacOS/Unity
-adb2
-batchMode
-noUpm
-name
AssetImportWorker1
-projectPath
/Users/pacome/Documents/GitHub/SERIOUS-GAME-CANCER/Serious Game Cancer
-logFile
Logs/AssetImportWorker1.log
-srvPort
54571
Successfully changed project path to: /Users/pacome/Documents/GitHub/SERIOUS-GAME-CANCER/Serious Game Cancer
/Users/pacome/Documents/GitHub/SERIOUS-GAME-CANCER/Serious Game Cancer
Using Asset Import Pipeline V2.
Refreshing native plugins compatible for Editor in 209.83 ms, found 1 plugins.
Preloading 0 native plugins for Editor in 0.00 ms.
Initialize engine version: 2020.2.1f1 (270dd8c3da1c)
[Subsystems] Discovering subsystems at path /Applications/Unity/Unity.app/Contents/Resources/UnitySubsystems
[Subsystems] Discovering subsystems at path /Users/pacome/Documents/GitHub/SERIOUS-GAME-CANCER/Serious Game Cancer/Assets
GfxDevice: creating device client; threaded=0
2021-08-03 11:51:08.384 Unity[17876:522991] iMac preferred device: AMD Radeon Pro 560 (high power)
2021-08-03 11:51:08.384 Unity[17876:522991] Metal devices available: 1
2021-08-03 11:51:08.384 Unity[17876:522991] 0: AMD Radeon Pro 560 (high power)
2021-08-03 11:51:08.385 Unity[17876:522991] Using device AMD Radeon Pro 560 (high power)
Initializing Metal device caps: AMD Radeon Pro 560
Shader 'Universal Render Pipeline/Particles/Lit': fallback shader 'Universal Render Pipeline/Particles/SimpleLit' not found
Initialize mono
Mono path[0] = '/Applications/Unity/Unity.app/Contents/Managed'
Mono path[1] = '/Applications/Unity/Unity.app/Contents/MonoBleedingEdge/lib/mono/unityjit'
Mono config path = '/Applications/Unity/Unity.app/Contents/MonoBleedingEdge/etc'
Using monoOptions --debugger-agent=transport=dt_socket,embedding=1,server=y,suspend=n,address=127.0.0.1:56876
Begin MonoManager ReloadAssembly
Registering precompiled unity dll's ...
Register platform support module: /Applications/Unity/Unity.app/Contents/PlaybackEngines/MacStandaloneSupport/UnityEditor.OSXStandalone.Extensions.dll
Register platform support module: /Applications/Unity/PlaybackEngines/WindowsStandaloneSupport/UnityEditor.WindowsStandalone.Extensions.dll
Registered in 0.045128 seconds.
Native extension for WindowsStandalone target not found
Native extension for OSXStandalone target not found
Refreshing native plugins compatible for Editor in 48.01 ms, found 1 plugins.
Preloading 0 native plugins for Editor in 0.00 ms.
Invoked RoslynAnalysisRunner static constructor.
RoslynAnalysisRunner will not be running.
RoslynAnalysisRunner has terminated.
Mono: successfully reloaded assembly
- Completed reload, in  2.236 seconds
Platform modules already initialized, skipping
Registering precompiled user dll's ...
Registered in 0.215449 seconds.
